<?xml version="1.0" encoding="UTF-8"?>
<testsuite xmlns:xsi="http://www.w3.org/2001/XMLSchema-instance" xsi:noNamespaceSchemaLocation="https://maven.apache.org/surefire/maven-surefire-plugin/xsd/surefire-test-report.xsd" version="3.0.2" name="com.zestindia.product_management_api.ProductManagementApiApplicationTests" time="34.058" tests="1" errors="0" skipped="0" failures="0">
  <properties>
[...]
</properties>
  <testcase name="contextLoads" classname="com.zestindia.product_management_api.ProductManagementApiApplicationTests" time="3.536">
    <system-out><![CDATA[09:05:14.349 [main] INFO org.springframework.test.context.support.AnnotationConfigContextLoaderUtils -- Could not detect default configuration classes for test class [com.zestindia.product_management_api.ProductManagementApiApplicationTests]: ProductManagementApiApplicationTests does not declare any static, non-private, non-final, nested classes annotated with @Configuration.
09:05:15.192 [main] INFO org.springframework.boot.test.context.SpringBootTestContextBootstrapper -- Found @SpringBootConfiguration com.zestindia.product_management_api.ProductManagementApiApplication for test class com.zestindia.product_management_api.ProductManagementApiApplicationTests

  .   ____          _            __ _ _
 /\\ / ___'_ __ _ _(_)_ __  __ _ \ \ \ \
( ( )\___ | '_ | '_| | '_ \/ _` | \ \ \ \
 \\/  ___)| |_)| | | | | || (_| |  ) ) ) )
  '  |____| .__|_| |_|_| |_\__, | / / / /
 =========|_|==============|___/=/_/_/_/

 :: Spring Boot ::                (v3.5.5)

2026-09-03T09:05:19.230+05:30  INFO 1060 --- [product-management-api] [           main] z.p.ProductManagementApiApplicationTests : Starting ProductManagementApiApplicationTests using Java 21.0.12 with PID 1060 (started by UJJWAL in C:\Assignment\product-management-api)
2026-09-03T09:05:19.240+05:30  INFO 1060 --- [product-management-api] [           main] z.p.ProductManagementApiApplicationTests : No active profile set, falling back to 1 default profile: "default"
2026-09-03T09:05:22.918+05:30  INFO 1060 --- [product-management-api] [           main] .s.d.r.c.RepositoryConfigurationDelegate : Bootstrapping Spring Data JPA repositories in DEFAULT mode.
2026-09-03T09:05:23.225+05:30  INFO 1060 --- [product-management-api] [           main] .s.d.r.c.RepositoryConfigurationDelegate : Finished Spring Data repository scanning in 263 ms. Found 2 JPA repository interfaces.
2026-09-03T09:05:26.411+05:30  INFO 1060 --- [product-management-api] [           main] o.hibernate.jpa.internal.util.LogHelper  : HHH000204: Processing PersistenceUnitInfo [name: default]
2026-09-03T09:05:26.725+05:30  INFO 1060 --- [product-management-api] [           main] org.hibernate.Version                    : HHH000412: Hibernate ORM core version 6.6.26.Final
2026-09-03T09:05:26.914+05:30  INFO 1060 --- [product-management-api] [           main] o.h.c.internal.RegionFactoryInitiator    : HHH000026: Second-level cache disabled
2026-09-03T09:05:28.560+05:30  INFO 1060 --- [product-management-api] [           main] o.s.o.j.p.SpringPersistenceUnitInfo      : No LoadTimeWeaver setup: ignoring JPA class transformer
2026-09-03T09:05:28.743+05:30  INFO 1060 --- [product-management-api] [           main] com.zaxxer.hikari.HikariDataSource       : HikariPool-1 - Starting...
2026-09-03T09:05:30.667+05:30  INFO 1060 --- [product-management-api] [           main] com.zaxxer.hikari.pool.HikariPool        : HikariPool-1 - Added connection com.mysql.cj.jdbc.ConnectionImpl@6a2badb1
2026-09-03T09:05:30.675+05:30  INFO 1060 --- [product-management-api] [           main] com.zaxxer.hikari.HikariDataSource       : HikariPool-1 - Start completed.
2026-09-03T09:05:31.273+05:30  INFO 1060 --- [product-management-api] [           main] org.hibernate.orm.connections.pooling    : HHH10001005: Database info:
	Database JDBC URL [Connecting through datasource 'HikariDataSource (HikariPool-1)']
	Database driver: undefined/unknown
	Database version: 8.0.31
	Autocommit mode: undefined/unknown
	Isolation level: undefined/unknown
	Minimum pool size: undefined/unknown
	Maximum pool size: undefined/unknown
2026-09-03T09:05:35.202+05:30  INFO 1060 --- [product-management-api] [           main] o.h.m.i.EntityInstantiatorPojoStandard   : HHH000182: No default (no-argument) constructor for class: com.zestindia.product_management_api.entity.Item (class must be instantiated by Interceptor)
2026-09-03T09:05:35.987+05:30  INFO 1060 --- [product-management-api] [           main] o.h.e.t.j.p.i.JtaPlatformInitiator       : HHH000489: No JTA platform available (set 'hibernate.transaction.jta.platform' to enable JTA platform integration)
2026-09-03T09:05:36.777+05:30  INFO 1060 --- [product-management-api] [           main] j.LocalContainerEntityManagerFactoryBean : Initialized JPA EntityManagerFactory for persistence unit 'default'
2026-09-03T09:05:38.710+05:30  WARN 1060 --- [product-management-api] [           main] JpaBaseConfiguration$JpaWebConfiguration : spring.jpa.open-in-view is enabled by default. Therefore, database queries may be performed during view rendering. Explicitly configure spring.jpa.open-in-view to disable this warning
2026-09-03T09:05:42.695+05:30  WARN 1060 --- [product-management-api] [           main] .s.s.UserDetailsServiceAutoConfiguration : 

Using generated security password: 559bd4ef-10cf-40fc-95fb-59e1d5e99662

This generated password is for development use only. Your security configuration must be updated before running your application in production.

2026-09-03T09:05:42.740+05:30  INFO 1060 --- [product-management-api] [           main] r$InitializeUserDetailsManagerConfigurer : Global AuthenticationManager configured with UserDetailsService bean with name inMemoryUserDetailsManager
2026-09-03T09:05:43.867+05:30  INFO 1060 --- [product-management-api] [           main] z.p.ProductManagementApiApplicationTests : Started ProductManagementApiApplicationTests in 27.482 seconds (process running for 33.309)
]]></system-out>
    <system-err><![CDATA[Mockito is currently self-attaching to enable the inline-mock-maker. This will no longer work in future releases of the JDK. Please add Mockito as an agent to your build as described in Mockito's documentation: https://javadoc.io/doc/org.mockito/mockito-core/latest/org.mockito/org/mockito/Mockito.html#0.3
WARNING: A Java agent has been loaded dynamically (C:\Users\UJJWAL\.m2\repository\net\bytebuddy\byte-buddy-agent\1.17.7\byte-buddy-agent-1.17.7.jar)
WARNING: If a serviceability tool is in use, please run with -XX:+EnableDynamicAgentLoading to hide this warning
WARNING: If a serviceability tool is not in use, please run with -Djdk.instrument.traceUsage for more information
WARNING: Dynamic loading of agents will be disallowed by default in a future release
]]></system-err>
  </testcase>
</testsuite>